<?xml version="1.0" encoding="UTF-8"?>
<!-- Generated by org.testng.reporters.JUnitXMLReporter -->
<testsuite ignored="0" hostname="5DLP009" failures="1" tests="52" name="Test" time="533.558" errors="0" timestamp="2025-07-31T14:56:55 IST">
  <testcase classname="EndtoEnd.TestingEndtoEndOwner" name="Login" time="15.105"/>
  <testcase classname="EndtoEnd.TestingEndtoEndOwner" name="Managetask_listing" time="1.224"/>
  <testcase classname="EndtoEnd.TestingEndtoEndOwner" name="Managetask_Add" time="33.776"/>
  <testcase classname="EndtoEnd.TestingEndtoEndOwner" name="Managetask_Edit" time="28.304"/>
  <testcase classname="EndtoEnd.TestingEndtoEndOwner" name="Managetask_Filter" time="2.309"/>
  <testcase classname="EndtoEnd.TestingEndtoEndOwner" name="Managetask_Selfassigned_Filter" time="14.47"/>
  <testcase classname="EndtoEnd.TestingEndtoEndOwner" name="Managetask_Reportedbyme_Filter" time="14.493"/>
  <testcase classname="EndtoEnd.TestingEndtoEndOwner" name="Managetask_ReportedbyPA_Filter" time="14.533"/>
  <testcase classname="EndtoEnd.TestingEndtoEndOwner" name="Managetask_Pinnedtask_Filter" time="14.516"/>
  <testcase classname="EndtoEnd.TestingEndtoEndOwner" name="Managetask_Pendingforapproval_Filter" time="14.609"/>
  <testcase classname="EndtoEnd.TestingEndtoEndOwner" name="Managetask_Rejectedtask_Filter" time="14.57"/>
  <testcase classname="EndtoEnd.TestingEndtoEndOwner" name="Managetask_Relatedtask_Filter" time="14.528"/>
  <testcase classname="EndtoEnd.TestingEndtoEndOwner" name="Managetask_Reallocationrequest_Filter" time="14.483"/>
  <testcase classname="EndtoEnd.TestingEndtoEndOwner" name="Managetask_Deletetask" time="28.338"/>
  <testcase classname="EndtoEnd.TestingEndtoEndOwner" name="Project" time="4.202"/>
  <testcase classname="EndtoEnd.TestingEndtoEndOwner" name="Private_Contactrepo_Listing" time="3.42"/>
  <testcase classname="EndtoEnd.TestingEndtoEndOwner" name="Add_Privatecontact" time="6.9"/>
  <testcase classname="EndtoEnd.TestingEndtoEndOwner" name="Edit_Privatecontact" time="15.785"/>
  <testcase classname="EndtoEnd.TestingEndtoEndOwner" name="Private_Contactactions" time="17.318"/>
  <testcase classname="EndtoEnd.TestingEndtoEndOwner" name="Share_Privatecontact" time="12.722"/>
  <testcase classname="EndtoEnd.TestingEndtoEndOwner" name="Private_Contact_Markpublic" time="9.046"/>
  <testcase classname="EndtoEnd.TestingEndtoEndOwner" name="Requestcontact" time="13.049"/>
  <testcase classname="EndtoEnd.TestingEndtoEndOwner" name="Public_Contact_Listing" time="3.271"/>
  <testcase classname="EndtoEnd.TestingEndtoEndOwner" name="Add_Publiccontact" time="5.646"/>
  <testcase classname="EndtoEnd.TestingEndtoEndOwner" name="Public_Contact_Actions" time="37.288"/>
  <testcase classname="EndtoEnd.TestingEndtoEndOwner" name="Delete_Contact" time="13.015"/>
  <testcase classname="EndtoEnd.TestingEndtoEndOwner" name="Shared_Contact" time="9.425"/>
  <testcase classname="EndtoEnd.TestingEndtoEndOwner" name="Mydocument_Listing" time="3.421"/>
  <testcase classname="EndtoEnd.TestingEndtoEndOwner" name="Document_Add" time="10.258"/>
  <testcase classname="EndtoEnd.TestingEndtoEndOwner" name="Document_Actions" time="19.048"/>
  <testcase classname="EndtoEnd.TestingEndtoEndOwner" name="Document_Share" time="7.633"/>
  <testcase classname="EndtoEnd.TestingEndtoEndOwner" name="Report" time="3.242"/>
  <testcase classname="EndtoEnd.TestingEndtoEndOwner" name="Report_Task_Report" time="1.507"/>
  <testcase classname="EndtoEnd.TestingEndtoEndOwner" name="Report_Performance_Report" time="1.077">
    <failure type="org.openqa.selenium.ElementClickInterceptedException" message="element click intercepted: Element &amp;lt;span class=&amp;quot;ps-menu-label css-d0va1d&amp;quot;&amp;gt;...&amp;lt;/span&amp;gt; is not clickable at point (212, 486). Other element would receive the click: &amp;lt;div role=&amp;quot;dialog&amp;quot; aria-modal=&amp;quot;true&amp;quot; class=&amp;quot;fade modal show&amp;quot; tabindex=&amp;quot;-1&amp;quot; aria-labelledby=&amp;quot;contained-modal-title-vcenter&amp;quot; style=&amp;quot;align-items: center; justify-content: center; display: block; padding-left: 3px;&amp;quot;&amp;gt;...&amp;lt;/div&amp;gt;
  (Session info: chrome=138.0.7204.158)
Build info: version: &amp;apos;4.20.0&amp;apos;, revision: &amp;apos;866c76ca80&amp;apos;
System info: os.name: &amp;apos;Windows 11&amp;apos;, os.arch: &amp;apos;amd64&amp;apos;, os.version: &amp;apos;10.0&amp;apos;, java.version: &amp;apos;21.0.8&amp;apos;
Driver info: org.openqa.selenium.chrome.ChromeDriver
Command: [53a71f1b2255b9c07bb6295930c67164, clickElement {id=f.C0DD6ED1CC8C6F1E8F41874F82840182.d.FFDBF3F2CB78CAF78F9558E2BCAD3189.e.1763}]
Capabilities {acceptInsecureCerts: false, browserName: chrome, browserVersion: 138.0.7204.158, chrome: {chromedriverVersion: 138.0.7204.183 (e90faf484dd..., userDataDir: C:\Users\RASHMI~1\AppData\L...}, fedcm:accounts: true, goog:chromeOptions: {debuggerAddress: localhost:51742}, networkConnectionEnabled: false, pageLoadStrategy: normal, platformName: windows, proxy: Proxy(), se:cdp: ws://localhost:51742/devtoo..., se:cdpVersion: 138.0.7204.158, setWindowRect: true, strictFileInteractability: false, timeouts: {implicit: 0, pageLoad: 300000, script: 30000}, unhandledPromptBehavior: dismiss and notify, webauthn:extension:credBlob: true, webauthn:extension:largeBlob: true, webauthn:extension:minPinLength: true, webauthn:extension:prf: true, webauthn:virtualAuthenticators: true}
Element: [[ChromeDriver: chrome on windows (53a71f1b2255b9c07bb6295930c67164)] -&amp;gt; xpath: //span[normalize-space()=&amp;apos;Performance report&amp;apos;]]
Session ID: 53a71f1b2255b9c07bb6295930c67164">
      <![CDATA[org.openqa.selenium.ElementClickInterceptedException: element click intercepted: Element <span class="ps-menu-label css-d0va1d">...</span> is not clickable at point (212, 486). Other element would receive the click: <div role="dialog" aria-modal="true" class="fade modal show" tabindex="-1" aria-labelledby="contained-modal-title-vcenter" style="align-items: center; justify-content: center; display: block; padding-left: 3px;">...</div>
  (Session info: chrome=138.0.7204.158)
Build info: version: '4.20.0', revision: '866c76ca80'
System info: os.name: 'Windows 11', os.arch: 'amd64', os.version: '10.0', java.version: '21.0.8'
Driver info: org.openqa.selenium.chrome.ChromeDriver
Command: [53a71f1b2255b9c07bb6295930c67164, clickElement {id=f.C0DD6ED1CC8C6F1E8F41874F82840182.d.FFDBF3F2CB78CAF78F9558E2BCAD3189.e.1763}]
Capabilities {acceptInsecureCerts: false, browserName: chrome, browserVersion: 138.0.7204.158, chrome: {chromedriverVersion: 138.0.7204.183 (e90faf484dd..., userDataDir: C:\Users\RASHMI~1\AppData\L...}, fedcm:accounts: true, goog:chromeOptions: {debuggerAddress: localhost:51742}, networkConnectionEnabled: false, pageLoadStrategy: normal, platformName: windows, proxy: Proxy(), se:cdp: ws://localhost:51742/devtoo..., se:cdpVersion: 138.0.7204.158, setWindowRect: true, strictFileInteractability: false, timeouts: {implicit: 0, pageLoad: 300000, script: 30000}, unhandledPromptBehavior: dismiss and notify, webauthn:extension:credBlob: true, webauthn:extension:largeBlob: true, webauthn:extension:minPinLength: true, webauthn:extension:prf: true, webauthn:virtualAuthenticators: true}
Element: [[ChromeDriver: chrome on windows (53a71f1b2255b9c07bb6295930c67164)] -> xpath: //span[normalize-space()='Performance report']]
Session ID: 53a71f1b2255b9c07bb6295930c67164
at org.openqa.selenium.remote.ErrorCodec.decode(ErrorCodec.java:167)
at org.openqa.selenium.remote.codec.w3c.W3CHttpResponseCodec.decode(W3CHttpResponseCodec.java:138)
at org.openqa.selenium.remote.codec.w3c.W3CHttpResponseCodec.decode(W3CHttpResponseCodec.java:50)
at org.openqa.selenium.remote.HttpCommandExecutor.execute(HttpCommandExecutor.java:190)
at org.openqa.selenium.remote.service.DriverCommandExecutor.invokeExecute(DriverCommandExecutor.java:216)
at org.openqa.selenium.remote.service.DriverCommandExecutor.execute(DriverCommandExecutor.java:174)
at org.openqa.selenium.remote.RemoteWebDriver.execute(RemoteWebDriver.java:518)
at org.openqa.selenium.remote.RemoteWebElement.execute(RemoteWebElement.java:223)
at org.openqa.selenium.remote.RemoteWebElement.click(RemoteWebElement.java:76)
at EndtoEnd.Reports.generateReport(Reports.java:43)
at EndtoEnd.TestingEndtoEndOwner.Report_Performance_Report(TestingEndtoEndOwner.java:287)
at java.base/java.util.ArrayList.forEach(ArrayList.java:1596)
... Removed 28 stack frames]]>
    </failure>
  </testcase> <!-- Report_Performance_Report -->
  <testcase classname="EndtoEnd.TestingEndtoEndOwner" name="Report_Workload_Report" time="2.115"/>
  <testcase classname="EndtoEnd.TestingEndtoEndOwner" name="Report_Staff_Report" time="0.911"/>
  <testcase classname="EndtoEnd.TestingEndtoEndOwner" name="Report_Attendance_Report" time="1.002"/>
  <testcase classname="EndtoEnd.TestingEndtoEndOwner" name="Report_Project_Report" time="7.396"/>
  <testcase classname="EndtoEnd.TestingEndtoEndOwner" name="staff_Menu" time="4.27"/>
  <testcase classname="EndtoEnd.TestingEndtoEndOwner" name="PA_ListingandView" time="6.83"/>
  <testcase classname="EndtoEnd.TestingEndtoEndOwner" name="GM_ListingandView" time="6.695"/>
  <testcase classname="EndtoEnd.TestingEndtoEndOwner" name="Manager_ListingandView" time="6.65"/>
  <testcase classname="EndtoEnd.TestingEndtoEndOwner" name="Employee_ListingandView" time="11.813"/>
  <testcase classname="EndtoEnd.TestingEndtoEndOwner" name="Activitylog" time="3.227"/>
  <testcase classname="EndtoEnd.TestingEndtoEndOwner" name="Activitylog_PA" time="3.316"/>
  <testcase classname="EndtoEnd.TestingEndtoEndOwner" name="Activitylog_GM" time="3.25"/>
  <testcase classname="EndtoEnd.TestingEndtoEndOwner" name="Activitylog_Manager" time="3.269"/>
  <testcase classname="EndtoEnd.TestingEndtoEndOwner" name="Activitylog_Employee" time="3.279"/>
  <testcase classname="EndtoEnd.TestingEndtoEndOwner" name="Activitylog_Vendor" time="3.372"/>
  <testcase classname="EndtoEnd.TestingEndtoEndOwner" name="Renewals_Listing" time="3.273"/>
  <testcase classname="EndtoEnd.TestingEndtoEndOwner" name="Renewals_Add" time="35.977"/>
  <testcase classname="EndtoEnd.TestingEndtoEndOwner" name="Logout" time="3.947"/>
</testsuite> <!-- Test -->
