<?xml version="1.0" encoding="UTF-8"?>
<testng-results ignored="0" total="4" passed="2" failed="2" skipped="0">
  <reporter-output>
  </reporter-output>
  <suite started-at="2025-08-04T14:35:55 IST" name="Default suite" finished-at="2025-08-04T14:48:50 IST" duration-ms="774904">
    <groups>
      <group name="Task">
        <method signature="TestingEndtoEndOwner.Managetask_listing()[pri:2, instance:EndtoEnd.TestingEndtoEndOwner@40a4337a]" name="Managetask_listing" class="EndtoEnd.TestingEndtoEndOwner"/>
        <method signature="TestingEndtoEndOwner.Managetask_Add()[pri:3, instance:EndtoEnd.TestingEndtoEndOwner@40a4337a]" name="Managetask_Add" class="EndtoEnd.TestingEndtoEndOwner"/>
      </group> <!-- Task -->
      <group name="regression">
        <method signature="TestingEndtoEndOwner.Login()[pri:1, instance:EndtoEnd.TestingEndtoEndOwner@40a4337a]" name="Login" class="EndtoEnd.TestingEndtoEndOwner"/>
        <method signature="TestingEndtoEndOwner.Managetask_listing()[pri:2, instance:EndtoEnd.TestingEndtoEndOwner@40a4337a]" name="Managetask_listing" class="EndtoEnd.TestingEndtoEndOwner"/>
        <method signature="TestingEndtoEndOwner.Managetask_Add()[pri:3, instance:EndtoEnd.TestingEndtoEndOwner@40a4337a]" name="Managetask_Add" class="EndtoEnd.TestingEndtoEndOwner"/>
        <method signature="TestingEndtoEndOwner.Logout()[pri:104, instance:EndtoEnd.TestingEndtoEndOwner@40a4337a]" name="Logout" class="EndtoEnd.TestingEndtoEndOwner"/>
      </group> <!-- regression -->
      <group name="Onboarding">
        <method signature="TestingEndtoEndOwner.Login()[pri:1, instance:EndtoEnd.TestingEndtoEndOwner@40a4337a]" name="Login" class="EndtoEnd.TestingEndtoEndOwner"/>
        <method signature="TestingEndtoEndOwner.Logout()[pri:104, instance:EndtoEnd.TestingEndtoEndOwner@40a4337a]" name="Logout" class="EndtoEnd.TestingEndtoEndOwner"/>
      </group> <!-- Onboarding -->
    </groups>
    <test started-at="2025-08-04T14:35:55 IST" name="Default test" finished-at="2025-08-04T14:48:50 IST" duration-ms="774904">
      <class name="EndtoEnd.TestingEndtoEndOwner">
        <test-method is-config="true" signature="invoke()[pri:0, instance:EndtoEnd.TestingEndtoEndOwner@40a4337a]" started-at="2025-08-04T14:35:46 IST" name="invoke" finished-at="2025-08-04T14:35:55 IST" duration-ms="8874" status="PASS">
          <reporter-output>
          </reporter-output>
        </test-method> <!-- invoke -->
        <test-method signature="Login()[pri:1, instance:EndtoEnd.TestingEndtoEndOwner@40a4337a]" started-at="2025-08-04T14:35:55 IST" name="Login" finished-at="2025-08-04T14:36:10 IST" duration-ms="14612" status="PASS">
          <reporter-output>
          </reporter-output>
        </test-method> <!-- Login -->
        <test-method signature="Managetask_listing()[pri:2, instance:EndtoEnd.TestingEndtoEndOwner@40a4337a]" started-at="2025-08-04T14:36:10 IST" name="Managetask_listing" finished-at="2025-08-04T14:36:11 IST" depends-on-methods="EndtoEnd.TestingEndtoEndOwner.Login" duration-ms="1485" status="PASS">
          <reporter-output>
          </reporter-output>
        </test-method> <!-- Managetask_listing -->
        <test-method signature="Managetask_Add()[pri:3, instance:EndtoEnd.TestingEndtoEndOwner@40a4337a]" started-at="2025-08-04T14:36:11 IST" name="Managetask_Add" finished-at="2025-08-04T14:48:45 IST" depends-on-methods="EndtoEnd.TestingEndtoEndOwner.Login" duration-ms="754408" status="FAIL">
          <exception class="org.openqa.selenium.ElementClickInterceptedException">
            <message>
              <![CDATA[element click intercepted: Element <span class="MuiTypography-root MuiTypography-body1 mx-1 css-1faetpw">...</span> is not clickable at point (1688, 91). Other element would receive the click: <div class="Toastify__toast-container Toastify__toast-container--top-right">...</div>
  (Session info: chrome=138.0.7204.158)
Build info: version: '4.20.0', revision: '866c76ca80'
System info: os.name: 'Windows 11', os.arch: 'amd64', os.version: '10.0', java.version: '21.0.8'
Driver info: org.openqa.selenium.chrome.ChromeDriver
Command: [d02e132bfd8a5cee14379a2724e12e0b, clickElement {id=f.59E4F2F72EE2970939B4CC2E233D3F6D.d.9E19E5FCF45FA6BE3E2767A8FA9CD3A8.e.2724}]
Capabilities {acceptInsecureCerts: false, browserName: chrome, browserVersion: 138.0.7204.158, chrome: {chromedriverVersion: 138.0.7204.183 (e90faf484dd..., userDataDir: C:\Users\RASHMI~1\AppData\L...}, fedcm:accounts: true, goog:chromeOptions: {debuggerAddress: localhost:52092}, networkConnectionEnabled: false, pageLoadStrategy: normal, platformName: windows, proxy: Proxy(), se:cdp: ws://localhost:52092/devtoo..., se:cdpVersion: 138.0.7204.158, setWindowRect: true, strictFileInteractability: false, timeouts: {implicit: 0, pageLoad: 300000, script: 30000}, unhandledPromptBehavior: dismiss and notify, webauthn:extension:credBlob: true, webauthn:extension:largeBlob: true, webauthn:extension:minPinLength: true, webauthn:extension:prf: true, webauthn:virtualAuthenticators: true}
Element: [[ChromeDriver: chrome on windows (d02e132bfd8a5cee14379a2724e12e0b)] -> xpath: //span[@class='MuiTypography-root MuiTypography-body1 mx-1 css-1faetpw']]
Session ID: d02e132bfd8a5cee14379a2724e12e0b]]>
            </message>
            <full-stacktrace>
              <![CDATA[org.openqa.selenium.ElementClickInterceptedException: element click intercepted: Element <span class="MuiTypography-root MuiTypography-body1 mx-1 css-1faetpw">...</span> is not clickable at point (1688, 91). Other element would receive the click: <div class="Toastify__toast-container Toastify__toast-container--top-right">...</div>
  (Session info: chrome=138.0.7204.158)
Build info: version: '4.20.0', revision: '866c76ca80'
System info: os.name: 'Windows 11', os.arch: 'amd64', os.version: '10.0', java.version: '21.0.8'
Driver info: org.openqa.selenium.chrome.ChromeDriver
Command: [d02e132bfd8a5cee14379a2724e12e0b, clickElement {id=f.59E4F2F72EE2970939B4CC2E233D3F6D.d.9E19E5FCF45FA6BE3E2767A8FA9CD3A8.e.2724}]
Capabilities {acceptInsecureCerts: false, browserName: chrome, browserVersion: 138.0.7204.158, chrome: {chromedriverVersion: 138.0.7204.183 (e90faf484dd..., userDataDir: C:\Users\RASHMI~1\AppData\L...}, fedcm:accounts: true, goog:chromeOptions: {debuggerAddress: localhost:52092}, networkConnectionEnabled: false, pageLoadStrategy: normal, platformName: windows, proxy: Proxy(), se:cdp: ws://localhost:52092/devtoo..., se:cdpVersion: 138.0.7204.158, setWindowRect: true, strictFileInteractability: false, timeouts: {implicit: 0, pageLoad: 300000, script: 30000}, unhandledPromptBehavior: dismiss and notify, webauthn:extension:credBlob: true, webauthn:extension:largeBlob: true, webauthn:extension:minPinLength: true, webauthn:extension:prf: true, webauthn:virtualAuthenticators: true}
Element: [[ChromeDriver: chrome on windows (d02e132bfd8a5cee14379a2724e12e0b)] -> xpath: //span[@class='MuiTypography-root MuiTypography-body1 mx-1 css-1faetpw']]
Session ID: d02e132bfd8a5cee14379a2724e12e0b
at java.base/jdk.internal.reflect.DirectConstructorHandleAccessor.newInstance(DirectConstructorHandleAccessor.java:62)
at java.base/java.lang.reflect.Constructor.newInstanceWithCaller(Constructor.java:502)
at java.base/java.lang.reflect.Constructor.newInstance(Constructor.java:486)
at org.openqa.selenium.remote.ErrorCodec.decode(ErrorCodec.java:167)
at org.openqa.selenium.remote.codec.w3c.W3CHttpResponseCodec.decode(W3CHttpResponseCodec.java:138)
at org.openqa.selenium.remote.codec.w3c.W3CHttpResponseCodec.decode(W3CHttpResponseCodec.java:50)
at org.openqa.selenium.remote.HttpCommandExecutor.execute(HttpCommandExecutor.java:190)
at org.openqa.selenium.remote.service.DriverCommandExecutor.invokeExecute(DriverCommandExecutor.java:216)
at org.openqa.selenium.remote.service.DriverCommandExecutor.execute(DriverCommandExecutor.java:174)
at org.openqa.selenium.remote.RemoteWebDriver.execute(RemoteWebDriver.java:518)
at org.openqa.selenium.remote.RemoteWebElement.execute(RemoteWebElement.java:223)
at org.openqa.selenium.remote.RemoteWebElement.click(RemoteWebElement.java:76)
at EndtoEnd.ManageTask.addTask(ManageTask.java:69)
at EndtoEnd.TestingEndtoEndOwner.Managetask_Add(TestingEndtoEndOwner.java:44)
at java.base/jdk.internal.reflect.DirectMethodHandleAccessor.invoke(DirectMethodHandleAccessor.java:103)
at java.base/java.lang.reflect.Method.invoke(Method.java:580)
at org.testng.internal.invokers.MethodInvocationHelper.invokeMethod(MethodInvocationHelper.java:141)
at org.testng.internal.invokers.TestInvoker.invokeMethod(TestInvoker.java:686)
at org.testng.internal.invokers.TestInvoker.invokeTestMethod(TestInvoker.java:230)
at org.testng.internal.invokers.MethodRunner.runInSequence(MethodRunner.java:63)
at org.testng.internal.invokers.TestInvoker$MethodInvocationAgent.invoke(TestInvoker.java:992)
at org.testng.internal.invokers.TestInvoker.invokeTestMethods(TestInvoker.java:203)
at org.testng.internal.invokers.TestMethodWorker.invokeTestMethods(TestMethodWorker.java:154)
at org.testng.internal.invokers.TestMethodWorker.run(TestMethodWorker.java:134)
at java.base/java.util.ArrayList.forEach(ArrayList.java:1596)
at org.testng.TestRunner.privateRun(TestRunner.java:739)
at org.testng.TestRunner.run(TestRunner.java:614)
at org.testng.SuiteRunner.runTest(SuiteRunner.java:421)
at org.testng.SuiteRunner.runSequentially(SuiteRunner.java:413)
at org.testng.SuiteRunner.privateRun(SuiteRunner.java:373)
at org.testng.SuiteRunner.run(SuiteRunner.java:312)
at org.testng.SuiteRunnerWorker.runSuite(SuiteRunnerWorker.java:52)
at org.testng.SuiteRunnerWorker.run(SuiteRunnerWorker.java:95)
at org.testng.TestNG.runSuitesSequentially(TestNG.java:1274)
at org.testng.TestNG.runSuitesLocally(TestNG.java:1208)
at org.testng.TestNG.runSuites(TestNG.java:1112)
at org.testng.TestNG.run(TestNG.java:1079)
at org.testng.remote.AbstractRemoteTestNG.run(AbstractRemoteTestNG.java:115)
at org.testng.remote.RemoteTestNG.initAndRun(RemoteTestNG.java:293)
at org.testng.remote.RemoteTestNG.main(RemoteTestNG.java:91)
]]>
            </full-stacktrace>
          </exception> <!-- org.openqa.selenium.ElementClickInterceptedException -->
          <reporter-output>
          </reporter-output>
        </test-method> <!-- Managetask_Add -->
        <test-method signature="Logout()[pri:104, instance:EndtoEnd.TestingEndtoEndOwner@40a4337a]" started-at="2025-08-04T14:48:45 IST" name="Logout" finished-at="2025-08-04T14:48:50 IST" depends-on-methods="EndtoEnd.TestingEndtoEndOwner.Login" duration-ms="4281" status="FAIL">
          <exception class="org.openqa.selenium.ElementClickInterceptedException">
            <message>
              <![CDATA[element click intercepted: Element <a href="/#" class="nav-link icon d-none d-md-flex btn btn-default btn-icon ml-1" data-toggle="dropdown">...</a> is not clickable at point (1763, 15). Other element would receive the click: <div class="Toastify__toast-container Toastify__toast-container--top-right">...</div>
  (Session info: chrome=138.0.7204.158)
Build info: version: '4.20.0', revision: '866c76ca80'
System info: os.name: 'Windows 11', os.arch: 'amd64', os.version: '10.0', java.version: '21.0.8'
Driver info: org.openqa.selenium.chrome.ChromeDriver
Command: [d02e132bfd8a5cee14379a2724e12e0b, clickElement {id=f.59E4F2F72EE2970939B4CC2E233D3F6D.d.9E19E5FCF45FA6BE3E2767A8FA9CD3A8.e.2725}]
Capabilities {acceptInsecureCerts: false, browserName: chrome, browserVersion: 138.0.7204.158, chrome: {chromedriverVersion: 138.0.7204.183 (e90faf484dd..., userDataDir: C:\Users\RASHMI~1\AppData\L...}, fedcm:accounts: true, goog:chromeOptions: {debuggerAddress: localhost:52092}, networkConnectionEnabled: false, pageLoadStrategy: normal, platformName: windows, proxy: Proxy(), se:cdp: ws://localhost:52092/devtoo..., se:cdpVersion: 138.0.7204.158, setWindowRect: true, strictFileInteractability: false, timeouts: {implicit: 0, pageLoad: 300000, script: 30000}, unhandledPromptBehavior: dismiss and notify, webauthn:extension:credBlob: true, webauthn:extension:largeBlob: true, webauthn:extension:minPinLength: true, webauthn:extension:prf: true, webauthn:virtualAuthenticators: true}
Element: [[ChromeDriver: chrome on windows (d02e132bfd8a5cee14379a2724e12e0b)] -> xpath: //a[@class='nav-link icon d-none d-md-flex btn btn-default btn-icon ml-1']]
Session ID: d02e132bfd8a5cee14379a2724e12e0b]]>
            </message>
            <full-stacktrace>
              <![CDATA[org.openqa.selenium.ElementClickInterceptedException: element click intercepted: Element <a href="/#" class="nav-link icon d-none d-md-flex btn btn-default btn-icon ml-1" data-toggle="dropdown">...</a> is not clickable at point (1763, 15). Other element would receive the click: <div class="Toastify__toast-container Toastify__toast-container--top-right">...</div>
  (Session info: chrome=138.0.7204.158)
Build info: version: '4.20.0', revision: '866c76ca80'
System info: os.name: 'Windows 11', os.arch: 'amd64', os.version: '10.0', java.version: '21.0.8'
Driver info: org.openqa.selenium.chrome.ChromeDriver
Command: [d02e132bfd8a5cee14379a2724e12e0b, clickElement {id=f.59E4F2F72EE2970939B4CC2E233D3F6D.d.9E19E5FCF45FA6BE3E2767A8FA9CD3A8.e.2725}]
Capabilities {acceptInsecureCerts: false, browserName: chrome, browserVersion: 138.0.7204.158, chrome: {chromedriverVersion: 138.0.7204.183 (e90faf484dd..., userDataDir: C:\Users\RASHMI~1\AppData\L...}, fedcm:accounts: true, goog:chromeOptions: {debuggerAddress: localhost:52092}, networkConnectionEnabled: false, pageLoadStrategy: normal, platformName: windows, proxy: Proxy(), se:cdp: ws://localhost:52092/devtoo..., se:cdpVersion: 138.0.7204.158, setWindowRect: true, strictFileInteractability: false, timeouts: {implicit: 0, pageLoad: 300000, script: 30000}, unhandledPromptBehavior: dismiss and notify, webauthn:extension:credBlob: true, webauthn:extension:largeBlob: true, webauthn:extension:minPinLength: true, webauthn:extension:prf: true, webauthn:virtualAuthenticators: true}
Element: [[ChromeDriver: chrome on windows (d02e132bfd8a5cee14379a2724e12e0b)] -> xpath: //a[@class='nav-link icon d-none d-md-flex btn btn-default btn-icon ml-1']]
Session ID: d02e132bfd8a5cee14379a2724e12e0b
at java.base/jdk.internal.reflect.DirectConstructorHandleAccessor.newInstance(DirectConstructorHandleAccessor.java:62)
at java.base/java.lang.reflect.Constructor.newInstanceWithCaller(Constructor.java:502)
at java.base/java.lang.reflect.Constructor.newInstance(Constructor.java:486)
at org.openqa.selenium.remote.ErrorCodec.decode(ErrorCodec.java:167)
at org.openqa.selenium.remote.codec.w3c.W3CHttpResponseCodec.decode(W3CHttpResponseCodec.java:138)
at org.openqa.selenium.remote.codec.w3c.W3CHttpResponseCodec.decode(W3CHttpResponseCodec.java:50)
at org.openqa.selenium.remote.HttpCommandExecutor.execute(HttpCommandExecutor.java:190)
at org.openqa.selenium.remote.service.DriverCommandExecutor.invokeExecute(DriverCommandExecutor.java:216)
at org.openqa.selenium.remote.service.DriverCommandExecutor.execute(DriverCommandExecutor.java:174)
at org.openqa.selenium.remote.RemoteWebDriver.execute(RemoteWebDriver.java:518)
at org.openqa.selenium.remote.RemoteWebElement.execute(RemoteWebElement.java:223)
at org.openqa.selenium.remote.RemoteWebElement.click(RemoteWebElement.java:76)
at EndtoEnd.LoginPage.logout(LoginPage.java:88)
at EndtoEnd.TestingEndtoEndOwner.Logout(TestingEndtoEndOwner.java:473)
at java.base/jdk.internal.reflect.DirectMethodHandleAccessor.invoke(DirectMethodHandleAccessor.java:103)
at java.base/java.lang.reflect.Method.invoke(Method.java:580)
at org.testng.internal.invokers.MethodInvocationHelper.invokeMethod(MethodInvocationHelper.java:141)
at org.testng.internal.invokers.TestInvoker.invokeMethod(TestInvoker.java:686)
at org.testng.internal.invokers.TestInvoker.invokeTestMethod(TestInvoker.java:230)
at org.testng.internal.invokers.MethodRunner.runInSequence(MethodRunner.java:63)
at org.testng.internal.invokers.TestInvoker$MethodInvocationAgent.invoke(TestInvoker.java:992)
at org.testng.internal.invokers.TestInvoker.invokeTestMethods(TestInvoker.java:203)
at org.testng.internal.invokers.TestMethodWorker.invokeTestMethods(TestMethodWorker.java:154)
at org.testng.internal.invokers.TestMethodWorker.run(TestMethodWorker.java:134)
at java.base/java.util.ArrayList.forEach(ArrayList.java:1596)
at org.testng.TestRunner.privateRun(TestRunner.java:739)
at org.testng.TestRunner.run(TestRunner.java:614)
at org.testng.SuiteRunner.runTest(SuiteRunner.java:421)
at org.testng.SuiteRunner.runSequentially(SuiteRunner.java:413)
at org.testng.SuiteRunner.privateRun(SuiteRunner.java:373)
at org.testng.SuiteRunner.run(SuiteRunner.java:312)
at org.testng.SuiteRunnerWorker.runSuite(SuiteRunnerWorker.java:52)
at org.testng.SuiteRunnerWorker.run(SuiteRunnerWorker.java:95)
at org.testng.TestNG.runSuitesSequentially(TestNG.java:1274)
at org.testng.TestNG.runSuitesLocally(TestNG.java:1208)
at org.testng.TestNG.runSuites(TestNG.java:1112)
at org.testng.TestNG.run(TestNG.java:1079)
at org.testng.remote.AbstractRemoteTestNG.run(AbstractRemoteTestNG.java:115)
at org.testng.remote.RemoteTestNG.initAndRun(RemoteTestNG.java:293)
at org.testng.remote.RemoteTestNG.main(RemoteTestNG.java:91)
]]>
            </full-stacktrace>
          </exception> <!-- org.openqa.selenium.ElementClickInterceptedException -->
          <reporter-output>
          </reporter-output>
        </test-method> <!-- Logout -->
        <test-method is-config="true" signature="close()[pri:0, instance:EndtoEnd.TestingEndtoEndOwner@40a4337a]" started-at="2025-08-04T14:48:50 IST" name="close" finished-at="2025-08-04T14:48:50 IST" duration-ms="168" status="PASS">
          <reporter-output>
          </reporter-output>
        </test-method> <!-- close -->
      </class> <!-- EndtoEnd.TestingEndtoEndOwner -->
    </test> <!-- Default test -->
  </suite> <!-- Default suite -->
</testng-results>
